<?xml version="1.0" encoding="UTF-8"?>
<!-- Generated by org.testng.reporters.JUnitReportReporter -->
<testsuite hostname="DESKTOP-FK5GQGQ" failures="0" tests="3" name="com.opencart.testcases.TCLogin" time="11.058" errors="0" timestamp="2023-12-25T15:35:04 IST" skipped="0">
  <testcase classname="com.opencart.testcases.TCLogin" name="tcLogin" time="4.111"/>
  <testcase classname="com.opencart.testcases.TCLogin" name="tcLogin" time="3.542"/>
  <testcase classname="com.opencart.testcases.TCLogin" name="tcLogin" time="3.405"/>
</testsuite> <!-- com.opencart.testcases.TCLogin -->
