<?xml version="1.0" encoding="UTF-8"?>
<!-- Generated by org.testng.reporters.JUnitReportReporter -->
<testsuite hostname="DESKTOP-FK5GQGQ" failures="0" tests="1" name="com.opencart.testcases.TCRegisterAccount" time="3.714" errors="0" timestamp="2023-12-25T15:18:39 IST" skipped="0">
  <testcase classname="com.opencart.testcases.TCRegisterAccount" name="tcRegisterAccount" time="3.714"/>
</testsuite> <!-- com.opencart.testcases.TCRegisterAccount -->
