<?xml version="1.0" encoding="UTF-8"?>
<!-- Generated by org.testng.reporters.JUnitReportReporter -->
<testsuite hostname="DESKTOP-FK5GQGQ" failures="0" tests="3" name="com.opencart.testcases.TCLogin" time="11.896" errors="0" timestamp="2023-12-28T20:19:43 IST" skipped="0">
  <testcase classname="com.opencart.testcases.TCLogin" name="tcLogin" time="4.806"/>
  <testcase classname="com.opencart.testcases.TCLogin" name="tcLogin" time="3.732"/>
  <testcase classname="com.opencart.testcases.TCLogin" name="tcLogin" time="3.358"/>
</testsuite> <!-- com.opencart.testcases.TCLogin -->
